<?xml version="1.0" encoding="UTF-8"?>
<ns2:test-suite xmlns:ns2="urn:model.allure.qatools.yandex.ru" start="" stop="">
	<title>Math</title>
	<test-cases>
		<test-case start="" stop="" status="passed" severity="normal">
			<title>Math.pow() test</title>
		</test-case>
		<test-case start="" stop="" status="passed" severity="normal">
			<title>Math.sin() test</title>
		</test-case>
		<test-case start="" stop="" status="broken" severity="minor">
			<title>Math.noMethod() test</title>
			<failure>
				<message>TypeError: &apos;undefined&apos; is not a function (evaluating &apos;Math.noMethod(2)&apos;)</message>
				<stack-trace>    at http://localhost:9876/base/specs/mathSpec.js?:14</stack-trace>
			</failure>
			<description>This test will be broken</description>
		</test-case>
		<test-case start="" stop="" status="failed" severity="normal">
			<title>Math.cos() test</title>
			<failure>
				<message>Expected 1 to be 0.</message>
				<stack-trace></stack-trace>
			</failure>
			<description>This test has wrong assertions and will be failed</description>
		</test-case>
	</test-cases>
</ns2:test-suite>